#
# There is insufficient memory for the Java Runtime Environment to continue.
# Native memory allocation (malloc) failed to allocate 199616 bytes for Chunk::new
# Possible reasons:
#   The system is out of physical RAM or swap space
#   In 32 bit mode, the process size limit was hit
# Possible solutions:
#   Reduce memory load on the system
#   Increase physical memory or swap space
#   Check if swap backing store is full
#   Use 64 bit Java on a 64 bit OS
#   Decrease Java heap size (-Xmx/-Xms)
#   Decrease number of Java threads
#   Decrease Java thread stack sizes (-Xss)
#   Set larger code cache with -XX:ReservedCodeCacheSize=
# This output file may be truncated or incomplete.
#
#  Out of Memory Error (allocation.cpp:390), pid=3944, tid=0x0000000000001f44
#
# JRE version: Java(TM) SE Runtime Environment (8.0_101-b13) (build 1.8.0_101-b13)
# Java VM: Java HotSpot(TM) 64-Bit Server VM (25.101-b13 mixed mode windows-amd64 compressed oops)
# Failed to write core dump. Minidumps are not enabled by default on client versions of Windows
#

---------------  T H R E A D  ---------------

Current thread (0x0000000014f2c000):  JavaThread "C2 CompilerThread0" daemon [_thread_in_native, id=8004, stack(0x0000000016260000,0x0000000016360000)]

Stack: [0x0000000016260000,0x0000000016360000]
[error occurred during error reporting (printing stack bounds), id 0xc0000005]

Native frames: (J=compiled Java code, j=interpreted, Vv=VM code, C=native code)


Current CompileTask:
C2:  14150 3774   !   4       sun.misc.URLClassPath$JarLoader::getResource (85 bytes)


---------------  P R O C E S S  ---------------

Java Threads: ( => current thread )
  0x0000000017b07000 JavaThread "Cache worker for task history cache (C:\g3p\sampleapp\apidemo\.gradle\3.5\taskHistory)" [_thread_blocked, id=8176, stack(0x000000001d8e0000,0x000000001d9e0000)]
  0x0000000017b06000 JavaThread "Memory manager" [_thread_blocked, id=4528, stack(0x000000001a8c0000,0x000000001a9c0000)]
  0x0000000017b04800 JavaThread "Cache worker for Artifact transforms cache (C:\Users\z1144\.gradle\caches\transforms-1)" [_thread_blocked, id=2412, stack(0x000000001c570000,0x000000001c670000)]
  0x0000000017b03000 JavaThread "File lock request listener" [_thread_in_native, id=8472, stack(0x00000000190c0000,0x00000000191c0000)]
  0x0000000017b02800 JavaThread "Cache worker for file hash cache (C:\Users\z1144\.gradle\caches\3.5\fileHashes)" [_thread_blocked, id=12880, stack(0x0000000019320000,0x0000000019420000)]
  0x0000000017ad8000 JavaThread "Stdin handler" [_thread_blocked, id=7616, stack(0x0000000019200000,0x0000000019300000)]
  0x0000000017a4c000 JavaThread "Asynchronous log dispatcher for DefaultDaemonConnection: socket connection from /127.0.0.1:49258 to /127.0.0.1:49259" [_thread_blocked, id=9800, stack(0x0000000018b20000,0x0000000018c20000)]
  0x0000000017abe000 JavaThread "Daemon worker" [_thread_in_native, id=8968, stack(0x00000000187a0000,0x00000000188a0000)]
  0x0000000017a16800 JavaThread "Cancel handler" [_thread_blocked, id=3544, stack(0x0000000018fa0000,0x00000000190a0000)]
  0x00000000176d2800 JavaThread "Handler for socket connection from /127.0.0.1:49258 to /127.0.0.1:49259" [_thread_in_native, id=5488, stack(0x0000000018c50000,0x0000000018d50000)]
  0x00000000176c3800 JavaThread "Daemon" [_thread_blocked, id=11148, stack(0x00000000189f0000,0x0000000018af0000)]
  0x00000000176b8800 JavaThread "Daemon periodic checks" [_thread_blocked, id=13976, stack(0x00000000188a0000,0x00000000189a0000)]
  0x000000001765e800 JavaThread "Incoming local TCP Connector on port 49258" [_thread_in_native, id=2044, stack(0x00000000160f0000,0x00000000161f0000)]
  0x0000000017841800 JavaThread "Daemon health stats" [_thread_blocked, id=5524, stack(0x0000000015ee0000,0x0000000015fe0000)]
  0x0000000014f37000 JavaThread "Service Thread" daemon [_thread_blocked, id=11480, stack(0x00000000169a0000,0x0000000016aa0000)]
  0x0000000014f30000 JavaThread "C1 CompilerThread1" daemon [_thread_blocked, id=8824, stack(0x0000000016410000,0x0000000016510000)]
=>0x0000000014f2c000 JavaThread "C2 CompilerThread0" daemon [_thread_in_native, id=8004, stack(0x0000000016260000,0x0000000016360000)]
  0x0000000014f3b000 JavaThread "Attach Listener" daemon [_thread_blocked, id=12096, stack(0x0000000015ff0000,0x00000000160f0000)]
  0x0000000014f39800 JavaThread "Signal Dispatcher" daemon [_thread_blocked, id=3820, stack(0x0000000015d80000,0x0000000015e80000)]
  0x0000000014f14000 JavaThread "Finalizer" daemon [_thread_blocked, id=11416, stack(0x0000000015bb0000,0x0000000015cb0000)]
  0x0000000014ec8800 JavaThread "Reference Handler" daemon [_thread_blocked, id=6908, stack(0x00000000158d0000,0x00000000159d0000)]
  0x00000000021e3000 JavaThread "main" [_thread_blocked, id=8264, stack(0x0000000002590000,0x0000000002690000)]

Other Threads:
  0x0000000014ec0800 VMThread [stack: 0x00000000159d0000,0x0000000015ad0000] [id=8580]
  0x000000001653a000 WatcherThread [stack: 0x0000000016b20000,0x0000000016c20000] [id=11340]

VM state:not at safepoint (normal execution)

VM Mutex/Monitor currently owned by a thread:  ([mutex/lock_event])
[0x00000000021e0980] Safepoint_lock - owner thread: 0x0000000014ec0800
[0x00000000021e0a00] Threads_lock - owner thread: 0x0000000014ec0800
[0x00000000021e0f00] Heap_lock - owner thread: 0x0000000017abe000

Heap:
 PSYoungGen      total 71680K, used 57823K [0x00000000eab00000, 0x00000000ef600000, 0x0000000100000000)
  eden space 66560K, 79% used [0x00000000eab00000,0x00000000ede7ffa0,0x00000000eec00000)
  from space 5120K, 99% used [0x00000000ef100000,0x00000000ef5f8010,0x00000000ef600000)
  to   space 5120K, 0% used [0x00000000eec00000,0x00000000eec00000,0x00000000ef100000)
 ParOldGen       total 57856K, used 12150K [0x00000000c0000000, 0x00000000c3880000, 0x00000000eab00000)
  object space 57856K, 21% used [0x00000000c0000000,0x00000000c0bdd830,0x00000000c3880000)
 Metaspace       used 31986K, capacity 32496K, committed 32896K, reserved 1079296K
  class space    used 4424K, capacity 4614K, committed 4736K, reserved 1048576K

Card table byte_map: [0x0000000011d20000,0x0000000011f30000] byte_map_base: 0x0000000011720000

Marking Bits: (ParMarkBitMap*) 0x0000000050aca6d0
 Begin Bits: [0x0000000012390000, 0x0000000013390000)
 End Bits:   [0x0000000013390000, 0x0000000014390000)

Polling page: 0x0000000001f80000

CodeCache: size=245760Kb used=13804Kb max_used=13804Kb free=231955Kb
 bounds [0x0000000002960000, 0x00000000036f0000, 0x0000000011960000]
 total_blobs=4420 nmethods=3741 adapters=591
 compilation: enabled

Compilation events (10 events):
Event: 14.138 Thread 0x0000000014f30000 3776       3       com.google.common.collect.ImmutableCollection$Builder::<init> (5 bytes)
Event: 14.138 Thread 0x0000000014f30000 nmethod 3776 0x00000000036e1ad0 code [0x00000000036e1c20, 0x00000000036e1dd0]
Event: 14.139 Thread 0x0000000014f30000 3777       3       java.util.LinkedHashMap::entrySet (27 bytes)
Event: 14.139 Thread 0x0000000014f30000 nmethod 3777 0x00000000036e1e90 code [0x00000000036e2020, 0x00000000036e23b0]
Event: 14.139 Thread 0x0000000014f30000 3779       3       com.google.common.collect.Iterators$8::transform (11 bytes)
Event: 14.139 Thread 0x0000000014f30000 nmethod 3779 0x00000000036e2550 code [0x00000000036e26c0, 0x00000000036e28e8]
Event: 14.139 Thread 0x0000000014f30000 3778       3       java.util.LinkedHashMap$LinkedEntrySet::iterator (12 bytes)
Event: 14.139 Thread 0x0000000014f30000 nmethod 3778 0x00000000036e29d0 code [0x00000000036e2b40, 0x00000000036e2e50]
Event: 14.141 Thread 0x0000000014f30000 3780       1       org.gradle.model.internal.type.ClassTypeWrapper::hashCode (5 bytes)
Event: 14.141 Thread 0x0000000014f30000 nmethod 3780 0x00000000036e2fd0 code [0x00000000036e3120, 0x00000000036e3230]

GC Heap History (10 events):
Event: 3.808 GC heap before
{Heap before GC invocations=3 (full 0):
 PSYoungGen      total 38400K, used 38381K [0x00000000eab00000, 0x00000000ed580000, 0x0000000100000000)
  eden space 33280K, 100% used [0x00000000eab00000,0x00000000ecb80000,0x00000000ecb80000)
  from space 5120K, 99% used [0x00000000ed080000,0x00000000ed57b510,0x00000000ed580000)
  to   space 5120K, 0% used [0x00000000ecb80000,0x00000000ecb80000,0x00000000ed080000)
 ParOldGen       total 87552K, used 823K [0x00000000c0000000, 0x00000000c5580000, 0x00000000eab00000)
  object space 87552K, 0% used [0x00000000c0000000,0x00000000c00cdce8,0x00000000c5580000)
 Metaspace       used 15723K, capacity 16014K, committed 16256K, reserved 1062912K
  class space    used 2254K, capacity 2345K, committed 2432K, reserved 1048576K
Event: 3.911 GC heap after
Heap after GC invocations=3 (full 0):
 PSYoungGen      total 38400K, used 5109K [0x00000000eab00000, 0x00000000ef600000, 0x0000000100000000)
  eden space 33280K, 0% used [0x00000000eab00000,0x00000000eab00000,0x00000000ecb80000)
  from space 5120K, 99% used [0x00000000ecb80000,0x00000000ed07d528,0x00000000ed080000)
  to   space 5120K, 0% used [0x00000000ef100000,0x00000000ef100000,0x00000000ef600000)
 ParOldGen       total 87552K, used 3308K [0x00000000c0000000, 0x00000000c5580000, 0x00000000eab00000)
  object space 87552K, 3% used [0x00000000c0000000,0x00000000c033b140,0x00000000c5580000)
 Metaspace       used 15723K, capacity 16014K, committed 16256K, reserved 1062912K
  class space    used 2254K, capacity 2345K, committed 2432K, reserved 1048576K
}
Event: 5.154 GC heap before
{Heap before GC invocations=4 (full 0):
 PSYoungGen      total 38400K, used 35322K [0x00000000eab00000, 0x00000000ef600000, 0x0000000100000000)
  eden space 33280K, 90% used [0x00000000eab00000,0x00000000ec8814c8,0x00000000ecb80000)
  from space 5120K, 99% used [0x00000000ecb80000,0x00000000ed07d528,0x00000000ed080000)
  to   space 5120K, 0% used [0x00000000ef100000,0x00000000ef100000,0x00000000ef600000)
 ParOldGen       total 87552K, used 3308K [0x00000000c0000000, 0x00000000c5580000, 0x00000000eab00000)
  object space 87552K, 3% used [0x00000000c0000000,0x00000000c033b140,0x00000000c5580000)
 Metaspace       used 20819K, capacity 21102K, committed 21248K, reserved 1067008K
  class space    used 2925K, capacity 3017K, committed 3072K, reserved 1048576K
Event: 5.171 GC heap after
Heap after GC invocations=4 (full 0):
 PSYoungGen      total 71680K, used 5088K [0x00000000eab00000, 0x00000000ef600000, 0x0000000100000000)
  eden space 66560K, 0% used [0x00000000eab00000,0x00000000eab00000,0x00000000eec00000)
  from space 5120K, 99% used [0x00000000ef100000,0x00000000ef5f8030,0x00000000ef600000)
  to   space 5120K, 0% used [0x00000000eec00000,0x00000000eec00000,0x00000000ef100000)
 ParOldGen       total 87552K, used 7376K [0x00000000c0000000, 0x00000000c5580000, 0x00000000eab00000)
  object space 87552K, 8% used [0x00000000c0000000,0x00000000c0734338,0x00000000c5580000)
 Metaspace       used 20819K, capacity 21102K, committed 21248K, reserved 1067008K
  class space    used 2925K, capacity 3017K, committed 3072K, reserved 1048576K
}
Event: 5.171 GC heap before
{Heap before GC invocations=5 (full 1):
 PSYoungGen      total 71680K, used 5088K [0x00000000eab00000, 0x00000000ef600000, 0x0000000100000000)
  eden space 66560K, 0% used [0x00000000eab00000,0x00000000eab00000,0x00000000eec00000)
  from space 5120K, 99% used [0x00000000ef100000,0x00000000ef5f8030,0x00000000ef600000)
  to   space 5120K, 0% used [0x00000000eec00000,0x00000000eec00000,0x00000000ef100000)
 ParOldGen       total 87552K, used 7376K [0x00000000c0000000, 0x00000000c5580000, 0x00000000eab00000)
  object space 87552K, 8% used [0x00000000c0000000,0x00000000c0734338,0x00000000c5580000)
 Metaspace       used 20819K, capacity 21102K, committed 21248K, reserved 1067008K
  class space    used 2925K, capacity 3017K, committed 3072K, reserved 1048576K
Event: 5.237 GC heap after
Heap after GC invocations=5 (full 1):
 PSYoungGen      total 71680K, used 0K [0x00000000eab00000, 0x00000000ef600000, 0x0000000100000000)
  eden space 66560K, 0% used [0x00000000eab00000,0x00000000eab00000,0x00000000eec00000)
  from space 5120K, 0% used [0x00000000ef100000,0x00000000ef100000,0x00000000ef600000)
  to   space 5120K, 0% used [0x00000000eec00000,0x00000000eec00000,0x00000000ef100000)
 ParOldGen       total 57856K, used 8938K [0x00000000c0000000, 0x00000000c3880000, 0x00000000eab00000)
  object space 57856K, 15% used [0x00000000c0000000,0x00000000c08ba8c0,0x00000000c3880000)
 Metaspace       used 20819K, capacity 21102K, committed 21248K, reserved 1067008K
  class space    used 2925K, capacity 3017K, committed 3072K, reserved 1048576K
}
Event: 7.261 GC heap before
{Heap before GC invocations=6 (full 1):
 PSYoungGen      total 71680K, used 66560K [0x00000000eab00000, 0x00000000ef600000, 0x0000000100000000)
  eden space 66560K, 100% used [0x00000000eab00000,0x00000000eec00000,0x00000000eec00000)
  from space 5120K, 0% used [0x00000000ef100000,0x00000000ef100000,0x00000000ef600000)
  to   space 5120K, 0% used [0x00000000eec00000,0x00000000eec00000,0x00000000ef100000)
 ParOldGen       total 57856K, used 8938K [0x00000000c0000000, 0x00000000c3880000, 0x00000000eab00000)
  object space 57856K, 15% used [0x00000000c0000000,0x00000000c08ba8c0,0x00000000c3880000)
 Metaspace       used 25951K, capacity 26322K, committed 26624K, reserved 1073152K
  class space    used 3661K, capacity 3770K, committed 3840K, reserved 1048576K
Event: 7.316 GC heap after
Heap after GC invocations=6 (full 1):
 PSYoungGen      total 71680K, used 5094K [0x00000000eab00000, 0x00000000ef600000, 0x0000000100000000)
  eden space 66560K, 0% used [0x00000000eab00000,0x00000000eab00000,0x00000000eec00000)
  from space 5120K, 99% used [0x00000000eec00000,0x00000000ef0f9918,0x00000000ef100000)
  to   space 5120K, 0% used [0x00000000ef100000,0x00000000ef100000,0x00000000ef600000)
 ParOldGen       total 57856K, used 10913K [0x00000000c0000000, 0x00000000c3880000, 0x00000000eab00000)
  object space 57856K, 18% used [0x00000000c0000000,0x00000000c0aa8650,0x00000000c3880000)
 Metaspace       used 25951K, capacity 26322K, committed 26624K, reserved 1073152K
  class space    used 3661K, capacity 3770K, committed 3840K, reserved 1048576K
}
Event: 11.148 GC heap before
{Heap before GC invocations=7 (full 1):
 PSYoungGen      total 71680K, used 71654K [0x00000000eab00000, 0x00000000ef600000, 0x0000000100000000)
  eden space 66560K, 100% used [0x00000000eab00000,0x00000000eec00000,0x00000000eec00000)
  from space 5120K, 99% used [0x00000000eec00000,0x00000000ef0f9918,0x00000000ef100000)
  to   space 5120K, 0% used [0x00000000ef100000,0x00000000ef100000,0x00000000ef600000)
 ParOldGen       total 57856K, used 10913K [0x00000000c0000000, 0x00000000c3880000, 0x00000000eab00000)
  object space 57856K, 18% used [0x00000000c0000000,0x00000000c0aa8650,0x00000000c3880000)
 Metaspace       used 29070K, capacity 29526K, committed 29824K, reserved 1075200K
  class space    used 3998K, capacity 4158K, committed 4224K, reserved 1048576K
Event: 11.184 GC heap after
Heap after GC invocations=7 (full 1):
 PSYoungGen      total 71680K, used 5088K [0x00000000eab00000, 0x00000000ef600000, 0x0000000100000000)
  eden space 66560K, 0% used [0x00000000eab00000,0x00000000eab00000,0x00000000eec00000)
  from space 5120K, 99% used [0x00000000ef100000,0x00000000ef5f8010,0x00000000ef600000)
  to   space 5120K, 0% used [0x00000000eec00000,0x00000000eec00000,0x00000000ef100000)
 ParOldGen       total 57856K, used 12150K [0x00000000c0000000, 0x00000000c3880000, 0x00000000eab00000)
  object space 57856K, 21% used [0x00000000c0000000,0x00000000c0bdd830,0x00000000c3880000)
 Metaspace       used 29070K, capacity 29526K, committed 29824K, reserved 1075200K
  class space    used 3998K, capacity 4158K, committed 4224K, reserved 1048576K
}

Deoptimization events (10 events):
Event: 9.898 Thread 0x0000000017abe000 Uncommon trap: reason=unstable_if action=reinterpret pc=0x0000000003236f58 method=com.sun.org.apache.xerces.internal.impl.XMLEntityScanner.peekChar()I @ 45
Event: 9.898 Thread 0x0000000017abe000 Uncommon trap: reason=unstable_if action=reinterpret pc=0x000000000327ffb4 method=com.sun.org.apache.xerces.internal.impl.XMLEntityScanner.checkEntityLimit(Lcom/sun/org/apache/xerces/internal/impl/XMLScanner$NameType;Lcom/sun/xml/internal/stream/Entity$ScaC¹#R‰Í#@
Event: 9.901 Thread 0x0000000017abe000 Uncommon trap: reason=unstable_if action=reinterpret pc=0x0000000003169ed8 method=com.sun.org.apache.xerces.internal.impl.XMLEntityScanner.checkEntityLimit(Lcom/sun/org/apache/xerces/internal/impl/XMLScanner$NameType;Lcom/sun/xml/internal/stream/Entity$Sca~iöåq1$@
Event: 10.097 Thread 0x0000000017abe000 Uncommon trap: reason=unstable_if action=reinterpret pc=0x00000000033ef6f0 method=com.sun.org.apache.xerces.internal.impl.XMLDocumentFragmentScannerImpl$FragmentContentDriver.next()I @ 971
Event: 11.235 Thread 0x0000000014f14000 Uncommon trap: reason=unstable_if action=reinterpret pc=0x0000000002e9b504 method=java.lang.ref.ReferenceQueue.poll()Ljava/lang/ref/Reference; @ 4
Event: 11.236 Thread 0x0000000014f14000 Uncommon trap: reason=class_check action=maybe_recompile pc=0x0000000002ecffd8 method=java.lang.ref.ReferenceQueue.reallyPoll()Ljava/lang/ref/Reference; @ 52
Event: 11.729 Thread 0x0000000017abe000 Uncommon trap: reason=unstable_if action=reinterpret pc=0x00000000035605a8 method=com.esotericsoftware.kryo.io.Output.writeString(Ljava/lang/CharSequence;)V @ 1
Event: 13.967 Thread 0x0000000017abe000 Uncommon trap: reason=unstable_if action=reinterpret pc=0x00000000031e618c method=java.lang.Integer.valueOf(I)Ljava/lang/Integer; @ 3
Event: 14.051 Thread 0x0000000017abe000 Uncommon trap: reason=unstable_if action=reinterpret pc=0x0000000002f442f0 method=sun.misc.MetaIndex.mayContain(Ljava/lang/String;)Z @ 38
Event: 14.143 Thread 0x0000000017abe000 Uncommon trap: reason=unstable_if action=reinterpret pc=0x00000000036a8c80 method=org.objectweb.asm.MethodWriter.visitVarInsn(II)V @ 22

Internal exceptions (10 events):
Event: 7.044 Thread 0x0000000017abe000 Exception <a 'java/lang/ClassNotFoundException': org/codehaus/groovy/runtime/GStringImplCustomizer> (0x00000000ee5896a0) thrown at [C:\re\workspace\8-2-build-windows-amd64-cygwin\jdk8u101\7261\hotspot\src\share\vm\classfile\systemDictionary.cpp, line 210]
Event: 7.071 Thread 0x0000000017abe000 Exception <a 'java/lang/ClassNotFoundException': java/lang/StringBeanInfo> (0x00000000ee613c60) thrown at [C:\re\workspace\8-2-build-windows-amd64-cygwin\jdk8u101\7261\hotspot\src\share\vm\classfile\systemDictionary.cpp, line 210]
Event: 7.071 Thread 0x0000000017abe000 Exception <a 'java/lang/ClassNotFoundException': java/lang/StringCustomizer> (0x00000000ee616b10) thrown at [C:\re\workspace\8-2-build-windows-amd64-cygwin\jdk8u101\7261\hotspot\src\share\vm\classfile\systemDictionary.cpp, line 210]
Event: 7.572 Thread 0x0000000017abe000 Implicit null exception at 0x0000000002e9259b to 0x0000000002e92a71
Event: 11.729 Thread 0x0000000017abe000 Implicit null exception at 0x00000000035602e0 to 0x0000000003560595
Event: 11.952 Thread 0x0000000017b02800 Exception <a 'java/lang/NoSuchMethodError': <clinit>> (0x00000000ec25e2e8) thrown at [C:\re\workspace\8-2-build-windows-amd64-cygwin\jdk8u101\7261\hotspot\src\share\vm\prims\jni.cpp, line 1613]
Event: 12.176 Thread 0x0000000017abe000 Exception <a 'java/lang/ClassNotFoundException': build_1joowv4av3sj4szz49fwjdtq5BeanInfo> (0x00000000ec5afbe8) thrown at [C:\re\workspace\8-2-build-windows-amd64-cygwin\jdk8u101\7261\hotspot\src\share\vm\classfile\systemDictionary.cpp, line 210]
Event: 12.176 Thread 0x0000000017abe000 Exception <a 'java/lang/ClassNotFoundException': build_1joowv4av3sj4szz49fwjdtq5Customizer> (0x00000000ec5b8eb8) thrown at [C:\re\workspace\8-2-build-windows-amd64-cygwin\jdk8u101\7261\hotspot\src\share\vm\classfile\systemDictionary.cpp, line 210]
Event: 12.753 Thread 0x0000000017abe000 Exception <a 'java/lang/ClassNotFoundException': org/gradle/api/internal/plugins/DefaultObjectConfigurationActionBeanInfo> (0x00000000ec84df30) thrown at [C:\re\workspace\8-2-build-windows-amd64-cygwin\jdk8u101\7261\hotspot\src\share\vm\classfile\systemDicŒ•âô?‚)@
Event: 12.754 Thread 0x0000000017abe000 Exception <a 'java/lang/ClassNotFoundException': org/gradle/api/internal/plugins/DefaultObjectConfigurationActionCustomizer> (0x00000000ec885e40) thrown at [C:\re\workspace\8-2-build-windows-amd64-cygwin\jdk8u101\7261\hotspot\src\share\vm\classfile\systemD;ø.J-@

Events (10 events):
Event: 14.137 loading class org/gradle/model/internal/manage/schema/extract/NodeInitializerExtractionStrategy done
Event: 14.137 loading class org/gradle/platform/base/ComponentSpecContainer
Event: 14.137 loading class org/gradle/platform/base/ComponentSpecContainer done
Event: 14.138 loading class org/gradle/platform/base/TypeBuilder
Event: 14.138 loading class org/gradle/platform/base/TypeBuilder done
Event: 14.143 Thread 0x0000000017abe000 Uncommon trap: trap_request=0xffffff65 fr.pc=0x00000000036a8c80
Event: 14.143 Thread 0x0000000017abe000 DEOPT PACKING pc=0x00000000036a8c80 sp=0x000000001889b2c0
Event: 14.143 Thread 0x0000000017abe000 DEOPT UNPACKING pc=0x00000000029a582a sp=0x000000001889b280 mode 2
Event: 14.144 loading class org/gradle/model/internal/manage/schema/SpecializedMapSchema
Event: 14.144 loading class org/gradle/model/internal/manage/schema/SpecializedMapSchema done


Dynamic libraries:
0x000000013ff90000 - 0x000000013ffc7000 	C:\Program Files\Java\jdk1.8.0_101\bin\java.exe
0x0000000076e80000 - 0x000000007702a000 	C:\Windows\SYSTEM32\ntdll.dll
0x0000000076c60000 - 0x0000000076d7f000 	C:\Windows\system32\kernel32.dll
0x000007fefceb0000 - 0x000007fefcf1a000 	C:\Windows\system32\KERNELBASE.dll
0x0000000074860000 - 0x00000000748ee000 	C:\Windows\System32\SYSFER.DLL
0x000007fefd090000 - 0x000007fefd16b000 	C:\Windows\system32\ADVAPI32.dll
0x000007fefe6e0000 - 0x000007fefe77f000 	C:\Windows\system32\msvcrt.dll
0x000007fefd620000 - 0x000007fefd63f000 	C:\Windows\SYSTEM32\sechost.dll
0x000007fefcf60000 - 0x000007fefd08d000 	C:\Windows\system32\RPCRT4.dll
0x0000000076d80000 - 0x0000000076e7a000 	C:\Windows\system32\USER32.dll
0x000007fefd640000 - 0x000007fefd6a7000 	C:\Windows\system32\GDI32.dll
0x000007fefe940000 - 0x000007fefe94e000 	C:\Windows\system32\LPK.dll
0x000007fefe7d0000 - 0x000007fefe89b000 	C:\Windows\system32\USP10.dll
0x000007fefb390000 - 0x000007fefb584000 	C:\Windows\WinSxS\amd64_microsoft.windows.common-controls_6595b64144ccf1df_6.0.7601.18837_none_fa3b1e3d17594757\COMCTL32.dll
0x000007fefd7e0000 - 0x000007fefd851000 	C:\Windows\system32\SHLWAPI.dll
0x000007fefcf30000 - 0x000007fefcf5e000 	C:\Windows\system32\IMM32.DLL
0x000007fefd6b0000 - 0x000007fefd7b9000 	C:\Windows\system32\MSCTF.dll
0x000007fefcab0000 - 0x000007fefcad5000 	C:\Windows\system32\vmwsci.dll
0x0000000077040000 - 0x0000000077047000 	C:\Windows\system32\PSAPI.DLL
0x0000000068000000 - 0x000000006805a000 	C:\Windows\system32\QIPCAP64.DLL
0x000007fefe5f0000 - 0x000007fefe6ca000 	C:\Windows\system32\OLEAUT32.dll
0x000007fefeda0000 - 0x000007fefef9c000 	C:\Windows\system32\ole32.dll
0x000000005f290000 - 0x000000005f362000 	C:\Program Files\Java\jdk1.8.0_101\jre\bin\msvcr100.dll
0x00000000502b0000 - 0x0000000050b4a000 	C:\Program Files\Java\jdk1.8.0_101\jre\bin\server\jvm.dll
0x000007fef8440000 - 0x000007fef8449000 	C:\Windows\system32\WSOCK32.dll
0x000007fefe780000 - 0x000007fefe7cd000 	C:\Windows\system32\WS2_32.dll
0x000007fefe6d0000 - 0x000007fefe6d8000 	C:\Windows\system32\NSI.dll
0x000007fefa460000 - 0x000007fefa49b000 	C:\Windows\system32\WINMM.dll
0x000007fefc280000 - 0x000007fefc28c000 	C:\Windows\system32\VERSION.dll
0x00000000717a0000 - 0x00000000717af000 	C:\Program Files\Java\jdk1.8.0_101\jre\bin\verify.dll
0x00000000714b0000 - 0x00000000714d9000 	C:\Program Files\Java\jdk1.8.0_101\jre\bin\java.dll
0x0000000071540000 - 0x0000000071556000 	C:\Program Files\Java\jdk1.8.0_101\jre\bin\zip.dll
0x000007fefd860000 - 0x000007fefe5ea000 	C:\Windows\system32\SHELL32.dll
0x000007fefcb70000 - 0x000007fefcb7f000 	C:\Windows\system32\profapi.dll
0x00000000716d0000 - 0x00000000716ea000 	C:\Program Files\Java\jdk1.8.0_101\jre\bin\net.dll
0x000007fefc120000 - 0x000007fefc175000 	C:\Windows\system32\mswsock.dll
0x000007fefc430000 - 0x000007fefc437000 	C:\Windows\System32\wship6.dll
0x0000000071520000 - 0x0000000071531000 	C:\Program Files\Java\jdk1.8.0_101\jre\bin\nio.dll
0x000007fede5c0000 - 0x000007fede5de000 	C:\Users\z1144\.gradle\native\25\windows-amd64\native-platform.dll
0x000007fefc510000 - 0x000007fefc528000 	C:\Windows\system32\CRYPTSP.dll
0x000007fefc190000 - 0x000007fefc1d7000 	C:\Windows\system32\rsaenh.dll
0x000007fefcba0000 - 0x000007fefcbbe000 	C:\Windows\system32\USERENV.dll
0x000007fefc9a0000 - 0x000007fefc9af000 	C:\Windows\system32\CRYPTBASE.dll
0x000007fefa060000 - 0x000007fefa087000 	C:\Windows\system32\IPHLPAPI.DLL
0x000007fef9fd0000 - 0x000007fef9fdb000 	C:\Windows\system32\WINNSI.DLL
0x000007fef9a70000 - 0x000007fef9a81000 	C:\Windows\system32\dhcpcsvc6.DLL
0x000007fef9a50000 - 0x000007fef9a68000 	C:\Windows\system32\dhcpcsvc.DLL
0x00000000717c0000 - 0x00000000717cd000 	C:\Program Files\Java\jdk1.8.0_101\jre\bin\management.dll

VM Arguments:
jvm_args: -XX:MaxPermSize=256m -XX:+HeapDumpOnOutOfMemoryError -Xmx1024m -Dfile.encoding=windows-1252 -Duser.country=US -Duser.language=en -Duser.variant 
java_command: org.gradle.launcher.daemon.bootstrap.GradleDaemon 3.5
java_class_path (initial): C:\Users\z1144\.gradle\wrapper\dists\gradle-3.5-bin\daoimhu7k5rlo48ntmxw2ok3e\gradle-3.5\lib\gradle-launcher-3.5.jar
Launcher Type: SUN_STANDARD

Environment Variables:
JAVA_HOME=C:\Program Files\Java\jdk1.8.0_101
PATH=C:\ProgramData\Oracle\Java\javapath;C:\Windows\system32;C:\Windows;C:\Windows\System32\Wbem;C:\Windows\System32\WindowsPowerShell\v1.0\;C:\Program Files (x86)\Enterprise Vault\EVClient\x64\;C:\Program Files (x86)\Sennheiser\SoftphoneSDK\;C:\Program Files\Git\cmd;C:\Program Files\nodejs\;C:\Program Files (x86)\Microsoft SQL Server\Client SDK\ODBC\110\Tools\Binn\;C:\Program Files (x86)\Microsoft SQL Server\120\Tools\Binn\ManagementStudio\;C:\Program Files (x86)\Microsoft SQL Server\120\Tools\Binn\;C:\Program Files (x86)\Microsoft SQL Server\120\DTS\Binn\;C:\Program Files\Java\jdk1.8.0_101\bin;C:\apache-maven-3.3.9\bin;C:\Program Files\MongoDB\Server\3.4\bin;C:\zookeeper-3.4.9\bin;C:\Users\z1144\AppData\Roaming\npm;C:\apache-groovy-binary-2.4.12\groovy-2.4.12\bin;C:\grails-3.3.0.RC1\bin;C:\Users\z1144\AppData\Local\GitHubDesktop\bin
USERNAME=Z1144
OS=Windows_NT
PROCESSOR_IDENTIFIER=Intel64 Family 6 Model 62 Stepping 4, GenuineIntel



---------------  S Y S T E M  ---------------

OS: Windows 7 , 64 bit Build 7601 (6.1.7601.23915)

CPU:total 2 (2 cores per cpu, 1 threads per core) family 6 model 62 stepping 4, cmov, cx8, fxsr, mmx, sse, sse2, sse3, ssse3, sse4.1, sse4.2, popcnt, avx, aes, clmul, erms, tsc, tscinvbit

Memory: 4k page, physical 8388084k(139896k free), swap 15042224k(4464k free)

vm_info: Java HotSpot(TM) 64-Bit Server VM (25.101-b13) for windows-amd64 JRE (1.8.0_101-b13), built on Jun 22 2016 01:21:29 by "java_re" with MS VC++ 10.0 (VS2010)

time: Mon Nov 20 14:06:51 2017
elapsed time: 14 seconds (0d 0h 0m 14s)

