#
# There is insufficient memory for the Java Runtime Environment to continue.
# Native memory allocation (malloc) failed to allocate 32744 bytes for ChunkPool::allocate
# Possible reasons:
#   The system is out of physical RAM or swap space
#   In 32 bit mode, the process size limit was hit
# Possible solutions:
#   Reduce memory load on the system
#   Increase physical memory or swap space
#   Check if swap backing store is full
#   Use 64 bit Java on a 64 bit OS
#   Decrease Java heap size (-Xmx/-Xms)
#   Decrease number of Java threads
#   Decrease Java thread stack sizes (-Xss)
#   Set larger code cache with -XX:ReservedCodeCacheSize=
# This output file may be truncated or incomplete.
#
#  Out of Memory Error (allocation.cpp:273), pid=15200, tid=0x00000000000035f8
#
# JRE version: Java(TM) SE Runtime Environment (8.0_101-b13) (build 1.8.0_101-b13)
# Java VM: Java HotSpot(TM) 64-Bit Server VM (25.101-b13 mixed mode windows-amd64 compressed oops)
# Failed to write core dump. Minidumps are not enabled by default on client versions of Windows
#

---------------  T H R E A D  ---------------

Current thread (0x0000000014e0f800):  JavaThread "C2 CompilerThread0" daemon [_thread_in_native, id=13816, stack(0x0000000016110000,0x0000000016210000)]

Stack: [0x0000000016110000,0x0000000016210000]
[error occurred during error reporting (printing stack bounds), id 0xc0000005]

Native frames: (J=compiled Java code, j=interpreted, Vv=VM code, C=native code)


Current CompileTask:
C2:   6341 1336   !   4       java.net.URLClassLoader$1::run (63 bytes)


---------------  P R O C E S S  ---------------

Java Threads: ( => current thread )
  0x0000000017b7e000 JavaThread "File lock request listener" [_thread_in_native, id=14884, stack(0x0000000019660000,0x0000000019760000)]
  0x0000000017b7d000 JavaThread "Cache worker for file hash cache (C:\Users\z1144\.gradle\caches\3.5\fileHashes)" [_thread_blocked, id=11660, stack(0x0000000019030000,0x0000000019130000)]
  0x0000000017ae2000 JavaThread "Stdin handler" [_thread_blocked, id=4656, stack(0x00000000194f0000,0x00000000195f0000)]
  0x0000000017aa4000 JavaThread "Asynchronous log dispatcher for DefaultDaemonConnection: socket connection from /127.0.0.1:58008 to /127.0.0.1:58009" [_thread_blocked, id=14712, stack(0x0000000019380000,0x0000000019480000)]
  0x0000000017ad0800 JavaThread "Daemon worker" [_thread_in_native, id=8292, stack(0x0000000019170000,0x0000000019270000)]
  0x0000000017acf800 JavaThread "Cancel handler" [_thread_blocked, id=11052, stack(0x0000000018a10000,0x0000000018b10000)]
  0x0000000017a78800 JavaThread "Handler for socket connection from /127.0.0.1:58008 to /127.0.0.1:58009" [_thread_in_native, id=11916, stack(0x0000000018d30000,0x0000000018e30000)]
  0x0000000017a65800 JavaThread "Daemon" [_thread_blocked, id=9196, stack(0x0000000018b50000,0x0000000018c50000)]
  0x0000000017a57800 JavaThread "Daemon periodic checks" [_thread_blocked, id=1176, stack(0x00000000188d0000,0x00000000189d0000)]
  0x00000000179e4800 JavaThread "Incoming local TCP Connector on port 58008" [_thread_in_native, id=15120, stack(0x00000000186e0000,0x00000000187e0000)]
  0x00000000179c2800 JavaThread "Daemon health stats" [_thread_blocked, id=14864, stack(0x0000000015dc0000,0x0000000015ec0000)]
  0x0000000016422800 JavaThread "Service Thread" daemon [_thread_blocked, id=13436, stack(0x0000000016000000,0x0000000016100000)]
  0x0000000014e6c800 JavaThread "C1 CompilerThread1" daemon [_thread_blocked, id=14384, stack(0x0000000016320000,0x0000000016420000)]
=>0x0000000014e0f800 JavaThread "C2 CompilerThread0" daemon [_thread_in_native, id=13816, stack(0x0000000016110000,0x0000000016210000)]
  0x0000000014e0d800 JavaThread "Attach Listener" daemon [_thread_blocked, id=9884, stack(0x0000000015ec0000,0x0000000015fc0000)]
  0x0000000014e0c000 JavaThread "Signal Dispatcher" daemon [_thread_blocked, id=8240, stack(0x0000000015b40000,0x0000000015c40000)]
  0x0000000014df2000 JavaThread "Finalizer" daemon [_thread_blocked, id=14848, stack(0x0000000015cb0000,0x0000000015db0000)]
  0x0000000014da8800 JavaThread "Reference Handler" daemon [_thread_blocked, id=13932, stack(0x0000000015a10000,0x0000000015b10000)]
  0x0000000002253000 JavaThread "main" [_thread_blocked, id=12724, stack(0x00000000025c0000,0x00000000026c0000)]

Other Threads:
  0x0000000014da0800 VMThread [stack: 0x0000000015830000,0x0000000015930000] [id=11348]
  0x0000000016439800 WatcherThread [stack: 0x0000000016930000,0x0000000016a30000] [id=13004]

VM state:not at safepoint (normal execution)

VM Mutex/Monitor currently owned by a thread: None

Heap:
 PSYoungGen      total 38400K, used 27174K [0x00000000eab00000, 0x00000000ed580000, 0x0000000100000000)
  eden space 33280K, 66% used [0x00000000eab00000,0x00000000ec08e620,0x00000000ecb80000)
  from space 5120K, 99% used [0x00000000ed080000,0x00000000ed57b530,0x00000000ed580000)
  to   space 5120K, 0% used [0x00000000ecb80000,0x00000000ecb80000,0x00000000ed080000)
 ParOldGen       total 87552K, used 792K [0x00000000c0000000, 0x00000000c5580000, 0x00000000eab00000)
  object space 87552K, 0% used [0x00000000c0000000,0x00000000c00c6190,0x00000000c5580000)
 Metaspace       used 14228K, capacity 14504K, committed 14720K, reserved 1062912K
  class space    used 2018K, capacity 2120K, committed 2176K, reserved 1048576K

Card table byte_map: [0x0000000011d50000,0x0000000011f60000] byte_map_base: 0x0000000011750000

Marking Bits: (ParMarkBitMap*) 0x000000005425a6d0
 Begin Bits: [0x0000000012270000, 0x0000000013270000)
 End Bits:   [0x0000000013270000, 0x0000000014270000)

Polling page: 0x0000000001f80000

CodeCache: size=245760Kb used=4696Kb max_used=4696Kb free=241063Kb
 bounds [0x0000000002990000, 0x0000000002e30000, 0x0000000011990000]
 total_blobs=1713 nmethods=1347 adapters=279
 compilation: enabled

Compilation events (10 events):
Event: 5.661 Thread 0x0000000014e6c800 1343       3       java.util.HashMap::afterNodeRemoval (1 bytes)
Event: 5.661 Thread 0x0000000014e6c800 nmethod 1343 0x0000000002e1fd10 code [0x0000000002e1fe60, 0x0000000002e1ffb0]
Event: 5.684 Thread 0x0000000014e6c800 1344       1       java.io.FilePermission::access$000 (5 bytes)
Event: 5.684 Thread 0x0000000014e6c800 nmethod 1344 0x0000000002e25410 code [0x0000000002e25560, 0x0000000002e25650]
Event: 5.686 Thread 0x0000000014e6c800 1345       3       java.util.concurrent.locks.AbstractQueuedSynchronizer::release (33 bytes)
Event: 5.686 Thread 0x0000000014e6c800 nmethod 1345 0x0000000002e24e90 code [0x0000000002e25000, 0x0000000002e25318]
Event: 5.698 Thread 0x0000000014e6c800 1346       3       java.util.concurrent.locks.AbstractQueuedSynchronizer::compareAndSetState (13 bytes)
Event: 5.698 Thread 0x0000000014e6c800 nmethod 1346 0x0000000002e24b50 code [0x0000000002e24ca0, 0x0000000002e24e10]
Event: 5.750 Thread 0x0000000014e6c800 1347       3       java.util.concurrent.locks.ReentrantLock$Sync::tryRelease (45 bytes)
Event: 5.750 Thread 0x0000000014e6c800 nmethod 1347 0x0000000002e24310 code [0x0000000002e244a0, 0x0000000002e24a28]

GC Heap History (4 events):
Event: 2.427 GC heap before
{Heap before GC invocations=1 (full 0):
 PSYoungGen      total 38400K, used 33280K [0x00000000eab00000, 0x00000000ed580000, 0x0000000100000000)
  eden space 33280K, 100% used [0x00000000eab00000,0x00000000ecb80000,0x00000000ecb80000)
  from space 5120K, 0% used [0x00000000ed080000,0x00000000ed080000,0x00000000ed580000)
  to   space 5120K, 0% used [0x00000000ecb80000,0x00000000ecb80000,0x00000000ed080000)
 ParOldGen       total 87552K, used 0K [0x00000000c0000000, 0x00000000c5580000, 0x00000000eab00000)
  object space 87552K, 0% used [0x00000000c0000000,0x00000000c0000000,0x00000000c5580000)
 Metaspace       used 6881K, capacity 7048K, committed 7168K, reserved 1056768K
  class space    used 867K, capacity 920K, committed 1024K, reserved 1048576K
Event: 2.439 GC heap after
Heap after GC invocations=1 (full 0):
 PSYoungGen      total 38400K, used 4504K [0x00000000eab00000, 0x00000000ed580000, 0x0000000100000000)
  eden space 33280K, 0% used [0x00000000eab00000,0x00000000eab00000,0x00000000ecb80000)
  from space 5120K, 87% used [0x00000000ecb80000,0x00000000ecfe61a0,0x00000000ed080000)
  to   space 5120K, 0% used [0x00000000ed080000,0x00000000ed080000,0x00000000ed580000)
 ParOldGen       total 87552K, used 8K [0x00000000c0000000, 0x00000000c5580000, 0x00000000eab00000)
  object space 87552K, 0% used [0x00000000c0000000,0x00000000c0002000,0x00000000c5580000)
 Metaspace       used 6881K, capacity 7048K, committed 7168K, reserved 1056768K
  class space    used 867K, capacity 920K, committed 1024K, reserved 1048576K
}
Event: 4.897 GC heap before
{Heap before GC invocations=2 (full 0):
 PSYoungGen      total 38400K, used 37784K [0x00000000eab00000, 0x00000000ed580000, 0x0000000100000000)
  eden space 33280K, 100% used [0x00000000eab00000,0x00000000ecb80000,0x00000000ecb80000)
  from space 5120K, 87% used [0x00000000ecb80000,0x00000000ecfe61a0,0x00000000ed080000)
  to   space 5120K, 0% used [0x00000000ed080000,0x00000000ed080000,0x00000000ed580000)
 ParOldGen       total 87552K, used 8K [0x00000000c0000000, 0x00000000c5580000, 0x00000000eab00000)
  object space 87552K, 0% used [0x00000000c0000000,0x00000000c0002000,0x00000000c5580000)
 Metaspace       used 12314K, capacity 12584K, committed 12928K, reserved 1060864K
  class space    used 1693K, capacity 1800K, committed 1920K, reserved 1048576K
Event: 4.912 GC heap after
Heap after GC invocations=2 (full 0):
 PSYoungGen      total 38400K, used 5101K [0x00000000eab00000, 0x00000000ed580000, 0x0000000100000000)
  eden space 33280K, 0% used [0x00000000eab00000,0x00000000eab00000,0x00000000ecb80000)
  from space 5120K, 99% used [0x00000000ed080000,0x00000000ed57b530,0x00000000ed580000)
  to   space 5120K, 0% used [0x00000000ecb80000,0x00000000ecb80000,0x00000000ed080000)
 ParOldGen       total 87552K, used 792K [0x00000000c0000000, 0x00000000c5580000, 0x00000000eab00000)
  object space 87552K, 0% used [0x00000000c0000000,0x00000000c00c6190,0x00000000c5580000)
 Metaspace       used 12314K, capacity 12584K, committed 12928K, reserved 1060864K
  class space    used 1693K, capacity 1800K, committed 1920K, reserved 1048576K
}

Deoptimization events (10 events):
Event: 3.553 Thread 0x0000000002253000 Uncommon trap: reason=unstable_if action=reinterpret pc=0x0000000002be7b38 method=java.util.HashMap.getNode(ILjava/lang/Object;)Ljava/util/HashMap$Node; @ 129
Event: 3.553 Thread 0x0000000002253000 Uncommon trap: reason=class_check action=maybe_recompile pc=0x0000000002bef9bc method=java.util.HashMap.putVal(ILjava/lang/Object;Ljava/lang/Object;ZZ)Ljava/lang/Object; @ 203
Event: 3.553 Thread 0x0000000002253000 Uncommon trap: reason=unstable_if action=reinterpret pc=0x0000000002bd06ac method=java.util.HashMap.getNode(ILjava/lang/Object;)Ljava/util/HashMap$Node; @ 129
Event: 3.554 Thread 0x0000000002253000 Uncommon trap: reason=class_check action=maybe_recompile pc=0x0000000002bef9bc method=java.util.HashMap.putVal(ILjava/lang/Object;Ljava/lang/Object;ZZ)Ljava/lang/Object; @ 203
Event: 4.689 Thread 0x0000000017ad0800 Uncommon trap: reason=bimorphic action=maybe_recompile pc=0x0000000002bef014 method=java.util.HashMap.putVal(ILjava/lang/Object;Ljava/lang/Object;ZZ)Ljava/lang/Object; @ 253
Event: 4.689 Thread 0x0000000017ad0800 Uncommon trap: reason=bimorphic action=maybe_recompile pc=0x0000000002bef014 method=java.util.HashMap.putVal(ILjava/lang/Object;Ljava/lang/Object;ZZ)Ljava/lang/Object; @ 253
Event: 4.689 Thread 0x0000000017ad0800 Uncommon trap: reason=bimorphic action=maybe_recompile pc=0x0000000002bef014 method=java.util.HashMap.putVal(ILjava/lang/Object;Ljava/lang/Object;ZZ)Ljava/lang/Object; @ 253
Event: 4.689 Thread 0x0000000017ad0800 Uncommon trap: reason=bimorphic action=maybe_recompile pc=0x0000000002bef014 method=java.util.HashMap.putVal(ILjava/lang/Object;Ljava/lang/Object;ZZ)Ljava/lang/Object; @ 253
Event: 5.283 Thread 0x0000000017ad0800 Uncommon trap: reason=class_check action=maybe_recompile pc=0x0000000002bea94c method=java.util.regex.Matcher.match(II)Z @ 86
Event: 5.310 Thread 0x0000000017ad0800 Uncommon trap: reason=class_check action=maybe_recompile pc=0x0000000002bea94c method=java.util.regex.Matcher.match(II)Z @ 86

Internal exceptions (10 events):
Event: 4.790 Thread 0x0000000017ad0800 Exception <a 'java/lang/ArrayIndexOutOfBoundsException'> (0x00000000ec92c288) thrown at [C:\re\workspace\8-2-build-windows-amd64-cygwin\jdk8u101\7261\hotspot\src\share\vm\runtime\sharedRuntime.cpp, line 605]
Event: 4.850 Thread 0x0000000017ad0800 Exception <a 'java/lang/ArrayIndexOutOfBoundsException'> (0x00000000eca27e88) thrown at [C:\re\workspace\8-2-build-windows-amd64-cygwin\jdk8u101\7261\hotspot\src\share\vm\runtime\sharedRuntime.cpp, line 605]
Event: 4.859 Thread 0x0000000017ad0800 Exception <a 'java/lang/ArrayIndexOutOfBoundsException'> (0x00000000eca523f0) thrown at [C:\re\workspace\8-2-build-windows-amd64-cygwin\jdk8u101\7261\hotspot\src\share\vm\runtime\sharedRuntime.cpp, line 605]
Event: 4.860 Thread 0x0000000017ad0800 Exception <a 'java/lang/ArrayIndexOutOfBoundsException'> (0x00000000eca54068) thrown at [C:\re\workspace\8-2-build-windows-amd64-cygwin\jdk8u101\7261\hotspot\src\share\vm\runtime\sharedRuntime.cpp, line 605]
Event: 5.088 Thread 0x0000000017ad0800 Exception <a 'java/lang/ArrayIndexOutOfBoundsException'> (0x00000000eaef7438) thrown at [C:\re\workspace\8-2-build-windows-amd64-cygwin\jdk8u101\7261\hotspot\src\share\vm\runtime\sharedRuntime.cpp, line 605]
Event: 5.113 Thread 0x0000000017ad0800 Exception <a 'java/lang/ArrayIndexOutOfBoundsException'> (0x00000000eaf0fe28) thrown at [C:\re\workspace\8-2-build-windows-amd64-cygwin\jdk8u101\7261\hotspot\src\share\vm\runtime\sharedRuntime.cpp, line 605]
Event: 5.113 Thread 0x0000000017ad0800 Exception <a 'java/lang/ArrayIndexOutOfBoundsException'> (0x00000000eaf11650) thrown at [C:\re\workspace\8-2-build-windows-amd64-cygwin\jdk8u101\7261\hotspot\src\share\vm\runtime\sharedRuntime.cpp, line 605]
Event: 5.113 Thread 0x0000000017ad0800 Exception <a 'java/lang/ArrayIndexOutOfBoundsException'> (0x00000000eaf14830) thrown at [C:\re\workspace\8-2-build-windows-amd64-cygwin\jdk8u101\7261\hotspot\src\share\vm\runtime\sharedRuntime.cpp, line 605]
Event: 5.162 Thread 0x0000000017ad0800 Exception <a 'java/lang/ArrayIndexOutOfBoundsException'> (0x00000000eb1b6160) thrown at [C:\re\workspace\8-2-build-windows-amd64-cygwin\jdk8u101\7261\hotspot\src\share\vm\runtime\sharedRuntime.cpp, line 605]
Event: 5.211 Thread 0x0000000017ad0800 Exception <a 'java/lang/ArrayIndexOutOfBoundsException'> (0x00000000eb4001f0) thrown at [C:\re\workspace\8-2-build-windows-amd64-cygwin\jdk8u101\7261\hotspot\src\share\vm\runtime\sharedRuntime.cpp, line 605]

Events (10 events):
Event: 6.066 loading class org/apache/commons/collections/map/ReferenceMap
Event: 6.066 loading class org/apache/commons/collections/map/ReferenceMap done
Event: 6.248 loading class org/apache/commons/collections/map/AbstractReferenceMap
Event: 6.248 loading class org/apache/commons/collections/map/AbstractReferenceMap done
Event: 6.249 loading class org/apache/commons/collections/map/AbstractHashedMap
Event: 6.249 loading class org/apache/commons/collections/map/AbstractHashedMap done
Event: 6.250 loading class org/apache/commons/collections/IterableMap
Event: 6.250 loading class org/apache/commons/collections/IterableMap done
Event: 6.253 loading class org/apache/commons/collections/MapIterator
Event: 6.253 loading class org/apache/commons/collections/MapIterator done


Dynamic libraries:
0x000000013fd00000 - 0x000000013fd37000 	C:\Program Files\Java\jdk1.8.0_101\bin\java.exe
0x0000000076e80000 - 0x000000007702a000 	C:\Windows\SYSTEM32\ntdll.dll
0x0000000076c60000 - 0x0000000076d7f000 	C:\Windows\system32\kernel32.dll
0x000007fefceb0000 - 0x000007fefcf1a000 	C:\Windows\system32\KERNELBASE.dll
0x0000000074860000 - 0x00000000748ee000 	C:\Windows\System32\SYSFER.DLL
0x000007fefd090000 - 0x000007fefd16b000 	C:\Windows\system32\ADVAPI32.dll
0x000007fefe6e0000 - 0x000007fefe77f000 	C:\Windows\system32\msvcrt.dll
0x000007fefd620000 - 0x000007fefd63f000 	C:\Windows\SYSTEM32\sechost.dll
0x000007fefcf60000 - 0x000007fefd08d000 	C:\Windows\system32\RPCRT4.dll
0x0000000076d80000 - 0x0000000076e7a000 	C:\Windows\system32\USER32.dll
0x000007fefd640000 - 0x000007fefd6a7000 	C:\Windows\system32\GDI32.dll
0x000007fefe940000 - 0x000007fefe94e000 	C:\Windows\system32\LPK.dll
0x000007fefe7d0000 - 0x000007fefe89b000 	C:\Windows\system32\USP10.dll
0x000007fefb390000 - 0x000007fefb584000 	C:\Windows\WinSxS\amd64_microsoft.windows.common-controls_6595b64144ccf1df_6.0.7601.18837_none_fa3b1e3d17594757\COMCTL32.dll
0x000007fefd7e0000 - 0x000007fefd851000 	C:\Windows\system32\SHLWAPI.dll
0x000007fefcf30000 - 0x000007fefcf5e000 	C:\Windows\system32\IMM32.DLL
0x000007fefd6b0000 - 0x000007fefd7b9000 	C:\Windows\system32\MSCTF.dll
0x000007fefcab0000 - 0x000007fefcad5000 	C:\Windows\system32\vmwsci.dll
0x0000000077040000 - 0x0000000077047000 	C:\Windows\system32\PSAPI.DLL
0x0000000068000000 - 0x000000006805a000 	C:\Windows\system32\QIPCAP64.DLL
0x000007fefe5f0000 - 0x000007fefe6ca000 	C:\Windows\system32\OLEAUT32.dll
0x000007fefeda0000 - 0x000007fefef9c000 	C:\Windows\system32\ole32.dll
0x00000000689f0000 - 0x0000000068ac2000 	C:\Program Files\Java\jdk1.8.0_101\jre\bin\msvcr100.dll
0x0000000053a40000 - 0x00000000542da000 	C:\Program Files\Java\jdk1.8.0_101\jre\bin\server\jvm.dll
0x000007fef8440000 - 0x000007fef8449000 	C:\Windows\system32\WSOCK32.dll
0x000007fefe780000 - 0x000007fefe7cd000 	C:\Windows\system32\WS2_32.dll
0x000007fefe6d0000 - 0x000007fefe6d8000 	C:\Windows\system32\NSI.dll
0x000007fefa460000 - 0x000007fefa49b000 	C:\Windows\system32\WINMM.dll
0x000007fefc280000 - 0x000007fefc28c000 	C:\Windows\system32\VERSION.dll
0x00000000716f0000 - 0x00000000716ff000 	C:\Program Files\Java\jdk1.8.0_101\jre\bin\verify.dll
0x000000006eb30000 - 0x000000006eb59000 	C:\Program Files\Java\jdk1.8.0_101\jre\bin\java.dll
0x00000000715b0000 - 0x00000000715c6000 	C:\Program Files\Java\jdk1.8.0_101\jre\bin\zip.dll
0x000007fefd860000 - 0x000007fefe5ea000 	C:\Windows\system32\SHELL32.dll
0x000007fefcb70000 - 0x000007fefcb7f000 	C:\Windows\system32\profapi.dll
0x00000000713c0000 - 0x00000000713da000 	C:\Program Files\Java\jdk1.8.0_101\jre\bin\net.dll
0x000007fefc120000 - 0x000007fefc175000 	C:\Windows\system32\mswsock.dll
0x000007fefc430000 - 0x000007fefc437000 	C:\Windows\System32\wship6.dll
0x000000006ee90000 - 0x000000006eea1000 	C:\Program Files\Java\jdk1.8.0_101\jre\bin\nio.dll
0x000007fef34e0000 - 0x000007fef34fe000 	C:\Users\z1144\.gradle\native\25\windows-amd64\native-platform.dll
0x000007fefc510000 - 0x000007fefc528000 	C:\Windows\system32\CRYPTSP.dll
0x000007fefc190000 - 0x000007fefc1d7000 	C:\Windows\system32\rsaenh.dll
0x000007fefcba0000 - 0x000007fefcbbe000 	C:\Windows\system32\USERENV.dll
0x000007fefc9a0000 - 0x000007fefc9af000 	C:\Windows\system32\CRYPTBASE.dll
0x000007fefa060000 - 0x000007fefa087000 	C:\Windows\system32\IPHLPAPI.DLL
0x000007fef9fd0000 - 0x000007fef9fdb000 	C:\Windows\system32\WINNSI.DLL
0x000007fef9a70000 - 0x000007fef9a81000 	C:\Windows\system32\dhcpcsvc6.DLL
0x000007fef9a50000 - 0x000007fef9a68000 	C:\Windows\system32\dhcpcsvc.DLL
0x00000000716d0000 - 0x00000000716dd000 	C:\Program Files\Java\jdk1.8.0_101\jre\bin\management.dll

VM Arguments:
jvm_args: -XX:MaxPermSize=256m -XX:+HeapDumpOnOutOfMemoryError -Xmx1024m -Dfile.encoding=windows-1252 -Duser.country=US -Duser.language=en -Duser.variant 
java_command: org.gradle.launcher.daemon.bootstrap.GradleDaemon 3.5
java_class_path (initial): C:\Users\z1144\.gradle\wrapper\dists\gradle-3.5-bin\daoimhu7k5rlo48ntmxw2ok3e\gradle-3.5\lib\gradle-launcher-3.5.jar
Launcher Type: SUN_STANDARD

Environment Variables:
JAVA_HOME=C:\Program Files\Java\jdk1.8.0_101
PATH=C:\ProgramData\Oracle\Java\javapath;C:\Windows\system32;C:\Windows;C:\Windows\System32\Wbem;C:\Windows\System32\WindowsPowerShell\v1.0\;C:\Program Files (x86)\Enterprise Vault\EVClient\x64\;C:\Program Files (x86)\Sennheiser\SoftphoneSDK\;C:\Program Files\Git\cmd;C:\Program Files\nodejs\;C:\Program Files (x86)\Microsoft SQL Server\Client SDK\ODBC\110\Tools\Binn\;C:\Program Files (x86)\Microsoft SQL Server\120\Tools\Binn\ManagementStudio\;C:\Program Files (x86)\Microsoft SQL Server\120\Tools\Binn\;C:\Program Files (x86)\Microsoft SQL Server\120\DTS\Binn\;C:\Program Files\Java\jdk1.8.0_101\bin;C:\apache-maven-3.3.9\bin;C:\Program Files\MongoDB\Server\3.4\bin;C:\zookeeper-3.4.9\bin;C:\Users\z1144\AppData\Roaming\npm;C:\apache-groovy-binary-2.4.12\groovy-2.4.12\bin;C:\grails-3.3.0.RC1\bin;C:\Users\z1144\AppData\Local\GitHubDesktop\bin
USERNAME=Z1144
OS=Windows_NT
PROCESSOR_IDENTIFIER=Intel64 Family 6 Model 62 Stepping 4, GenuineIntel



---------------  S Y S T E M  ---------------

OS: Windows 7 , 64 bit Build 7601 (6.1.7601.23915)

CPU:total 2 (2 cores per cpu, 1 threads per core) family 6 model 62 stepping 4, cmov, cx8, fxsr, mmx, sse, sse2, sse3, ssse3, sse4.1, sse4.2, popcnt, avx, aes, clmul, erms, tsc, tscinvbit

Memory: 4k page, physical 8388084k(294656k free), swap 15042224k(8116k free)

vm_info: Java HotSpot(TM) 64-Bit Server VM (25.101-b13) for windows-amd64 JRE (1.8.0_101-b13), built on Jun 22 2016 01:21:29 by "java_re" with MS VC++ 10.0 (VS2010)

time: Wed Nov 22 16:40:37 2017
elapsed time: 6 seconds (0d 0h 0m 6s)

